<?xml version="1.0" encoding="UTF-8"?>
<!-- Generated by org.testng.reporters.JUnitXMLReporter -->
<testsuite ignored="0" hostname="Bujuku" failures="0" tests="3" name="Default test" time="7.564" errors="0" timestamp="2024-01-23T18:07:39 IST">
  <testcase classname="com.simplilearn.restassuredtest.RestAssured_Assignment_005.GetStatusTest" name="testPetStatus" time="4.781"/>
  <testcase classname="com.simplilearn.restassuredtest.RestAssured_Assignment_005.GetStatusTest" name="testPetStatus" time="1.275"/>
  <testcase classname="com.simplilearn.restassuredtest.RestAssured_Assignment_005.GetStatusTest" name="testPetStatus" time="1.437"/>
</testsuite> <!-- Default test -->
