<?xml version="1.0" encoding="UTF-8"?>
<!-- Generated by org.testng.reporters.JUnitXMLReporter -->
<testsuite ignored="0" hostname="Bujuku" failures="0" tests="3" name="REST APIs" time="6.681" errors="0" timestamp="2024-01-23T15:30:21 IST">
  <testcase classname="com.simplilearn.restassuredtest.RestAssured_Assignment_001.PostCallTest" name="testPostPet" time="3.379"/>
  <testcase classname="com.simplilearn.restassuredtest.RestAssured_Assignment_001.GetCallTest" name="testGetPet" time="1.32"/>
  <testcase classname="com.simplilearn.restassuredtest.RestAssured_Assignment_001.DeleteCallTest" name="testDeletePet" time="1.935"/>
</testsuite> <!-- REST APIs -->
